Using pre-set license
Built from '2021.3/staging' branch; Version is '2021.3.4f1 (cb45f9cae8b7) revision 13321721'; Using compiler version '192829333'; Build Type 'Release'
OS: 'Windows 11  (10.0.22000) 64bit Core' Language: 'en' Physical Memory: 16015 MB
BatchMode: 1, IsHumanControllingUs: 0, StartBugReporterOnCrash: 0, Is64bit: 1, IsPro: 1

COMMAND LINE ARGUMENTS:
C:\Program Files\Unity\Hub\Editor\2021.3.4f1\Editor\Unity.exe
-adb2
-batchMode
-noUpm
-name
AssetImportWorker0
-projectPath
D:/UMD-Summer-Game-Jam
-logFile
Logs/AssetImportWorker0.log
-srvPort
63347
Successfully changed project path to: D:/UMD-Summer-Game-Jam
D:/UMD-Summer-Game-Jam
[UnityMemory] Configuration Parameters - Can be set up in boot.config
    "memorysetup-bucket-allocator-granularity=16"
    "memorysetup-bucket-allocator-bucket-count=8"
    "memorysetup-bucket-allocator-block-size=33554432"
    "memorysetup-bucket-allocator-block-count=8"
    "memorysetup-main-allocator-block-size=16777216"
    "memorysetup-thread-allocator-block-size=16777216"
    "memorysetup-gfx-main-allocator-block-size=16777216"
    "memorysetup-gfx-thread-allocator-block-size=16777216"
    "memorysetup-cache-allocator-block-size=4194304"
    "memorysetup-typetree-allocator-block-size=2097152"
    "memorysetup-profiler-bucket-allocator-granularity=16"
    "memorysetup-profiler-bucket-allocator-bucket-count=8"
    "memorysetup-profiler-bucket-allocator-block-size=33554432"
    "memorysetup-profiler-bucket-allocator-block-count=8"
    "memorysetup-profiler-allocator-block-size=16777216"
    "memorysetup-profiler-editor-allocator-block-size=1048576"
    "memorysetup-temp-allocator-size-main=16777216"
    "memorysetup-job-temp-allocator-block-size=2097152"
    "memorysetup-job-temp-allocator-block-size-background=1048576"
    "memorysetup-job-temp-allocator-reduction-small-platforms=262144"
    "memorysetup-temp-allocator-size-background-worker=32768"
    "memorysetup-temp-allocator-size-job-worker=262144"
    "memorysetup-temp-allocator-size-preload-manager=33554432"
    "memorysetup-temp-allocator-size-nav-mesh-worker=65536"
    "memorysetup-temp-allocator-size-audio-worker=65536"
    "memorysetup-temp-allocator-size-cloud-worker=32768"
    "memorysetup-temp-allocator-size-gi-baking-worker=262144"
    "memorysetup-temp-allocator-size-gfx=262144"
Refreshing native plugins compatible for Editor in 71.36 ms, found 3 plugins.
Preloading 0 native plugins for Editor in 0.00 ms.
Initialize engine version: 2021.3.4f1 (cb45f9cae8b7)
[Subsystems] Discovering subsystems at path C:/Program Files/Unity/Hub/Editor/2021.3.4f1/Editor/Data/Resources/UnitySubsystems
[Subsystems] Discovering subsystems at path D:/UMD-Summer-Game-Jam/Assets
GfxDevice: creating device client; threaded=0; jobified=0
Direct3D:
    Version:  Direct3D 11.0 [level 11.1]
    Renderer: NVIDIA GeForce MX330 (ID=0x1d16)
    Vendor:   NVIDIA
    VRAM:     1983 MB
    Driver:   30.0.14.9613
Initialize mono
Mono path[0] = 'C:/Program Files/Unity/Hub/Editor/2021.3.4f1/Editor/Data/Managed'
Mono path[1] = 'C:/Program Files/Unity/Hub/Editor/2021.3.4f1/Editor/Data/MonoBleedingEdge/lib/mono/unityjit-win32'
Mono config path = 'C:/Program Files/Unity/Hub/Editor/2021.3.4f1/Editor/Data/MonoBleedingEdge/etc'
Using monoOptions --debugger-agent=transport=dt_socket,embedding=1,server=y,suspend=n,address=127.0.0.1:56656
Begin MonoManager ReloadAssembly
Registering precompiled unity dll's ...
Register platform support module: C:/Program Files/Unity/Hub/Editor/2021.3.4f1/Editor/Data/PlaybackEngines/AndroidPlayer/UnityEditor.Android.Extensions.dll
Register platform support module: C:/Program Files/Unity/Hub/Editor/2021.3.4f1/Editor/Data/PlaybackEngines/WindowsStandaloneSupport/UnityEditor.WindowsStandalone.Extensions.dll
Register platform support module: C:/Program Files/Unity/Hub/Editor/2021.3.4f1/Editor/Data/PlaybackEngines/MetroSupport/UnityEditor.UWP.Extensions.dll
Registered in 0.004383 seconds.
Native extension for UWP target not found
Native extension for WindowsStandalone target not found
Native extension for Android target not found
Refreshing native plugins compatible for Editor in 84.57 ms, found 3 plugins.
Preloading 0 native plugins for Editor in 0.00 ms.
Mono: successfully reloaded assembly
- Completed reload, in  0.686 seconds
Domain Reload Profiling:
	ReloadAssembly (687ms)
		BeginReloadAssembly (73ms)
			ExecutionOrderSort (0ms)
			DisableScriptedObjects (0ms)
			BackupInstance (0ms)
			ReleaseScriptingObjects (0ms)
			CreateAndSetChildDomain (1ms)
		EndReloadAssembly (510ms)
			LoadAssemblies (71ms)
			RebuildTransferFunctionScriptingTraits (0ms)
			SetupTypeCache (105ms)
			ReleaseScriptCaches (0ms)
			RebuildScriptCaches (30ms)
			SetupLoadedEditorAssemblies (325ms)
				LogAssemblyErrors (0ms)
				InitializePlatformSupportModulesInManaged (52ms)
				SetLoadedEditorAssemblies (1ms)
				RefreshPlugins (85ms)
				BeforeProcessingInitializeOnLoad (2ms)
				ProcessInitializeOnLoadAttributes (127ms)
				ProcessInitializeOnLoadMethodAttributes (58ms)
				AfterProcessingInitializeOnLoad (0ms)
				EditorAssembliesLoaded (0ms)
			ExecutionOrderSort2 (0ms)
			AwakeInstancesAfterBackupRestoration (0ms)
Platform modules already initialized, skipping
Registering precompiled user dll's ...
Registered in 0.003181 seconds.
Begin MonoManager ReloadAssembly
Native extension for UWP target not found
Native extension for WindowsStandalone target not found
Native extension for Android target not found
Refreshing native plugins compatible for Editor in 85.10 ms, found 3 plugins.
Preloading 0 native plugins for Editor in 0.00 ms.
Mono: successfully reloaded assembly
- Completed reload, in  1.507 seconds
Domain Reload Profiling:
	ReloadAssembly (1509ms)
		BeginReloadAssembly (235ms)
			ExecutionOrderSort (0ms)
			DisableScriptedObjects (6ms)
			BackupInstance (0ms)
			ReleaseScriptingObjects (0ms)
			CreateAndSetChildDomain (139ms)
		EndReloadAssembly (1148ms)
			LoadAssemblies (91ms)
			RebuildTransferFunctionScriptingTraits (0ms)
			SetupTypeCache (256ms)
			ReleaseScriptCaches (2ms)
			RebuildScriptCaches (62ms)
			SetupLoadedEditorAssemblies (682ms)
				LogAssemblyErrors (0ms)
				InitializePlatformSupportModulesInManaged (15ms)
				SetLoadedEditorAssemblies (0ms)
				RefreshPlugins (85ms)
				BeforeProcessingInitializeOnLoad (101ms)
				ProcessInitializeOnLoadAttributes (437ms)
				ProcessInitializeOnLoadMethodAttributes (38ms)
				AfterProcessingInitializeOnLoad (5ms)
				EditorAssembliesLoaded (0ms)
			ExecutionOrderSort2 (0ms)
			AwakeInstancesAfterBackupRestoration (4ms)
Platform modules already initialized, skipping
========================================================================
Worker process is ready to serve import requests
Launched and connected shader compiler UnityShaderCompiler.exe after 0.05 seconds
Refreshing native plugins compatible for Editor in 0.70 ms, found 3 plugins.
Preloading 0 native plugins for Editor in 0.00 ms.
Unloading 3718 Unused Serialized files (Serialized files now loaded: 0)
Unloading 30 unused Assets / (110.9 KB). Loaded Objects now: 4178.
Memory consumption went from 131.3 MB to 131.2 MB.
Total: 3.173800 ms (FindLiveObjects: 0.313200 ms CreateObjectMapping: 0.146400 ms MarkObjects: 2.596300 ms  DeleteObjects: 0.116600 ms)

AssetImportParameters requested are different than current active one (requested -> active):
  custom:video-decoder-ogg-theora: a1e56fd34408186e4bbccfd4996cb3dc -> 
  custom:container-muxer-webm: aa71ff27fc2769a1b78a27578f13a17b -> 
  custom:container-demuxer-webm: 4f35f7cbe854078d1ac9338744f61a02 -> 
  custom:video-encoder-webm-vp8: eb34c28f22e8b96e1ab97ce403110664 -> 
  custom:audio-encoder-webm-vorbis: bf7c407c2cedff20999df2af8eb42d56 -> 
  custom:framework-win-MediaFoundation: 216162199b28c13a410421893ffa2e32 -> 
  custom:container-demuxer-ogg: 62fdf1f143b41e24485cea50d1cbac27 -> 
  custom:video-decoder-webm-vp8: 9c59270c3fd7afecdb556c50c9e8de78 -> 
  custom:audio-decoder-ogg-vorbis: bf7c407c2cedff20999df2af8eb42d56 -> 
========================================================================
Received Import Request.
  Time since last request: 115590.654295 seconds.
  path: Assets/PlayerController.inputactions
  artifactKey: Guid(ecdce787456fe964483ed4feae68afa4) Importer(815301076,1909f56bfc062723c751e8b465ee728b)
Start importing Assets/PlayerController.inputactions using Guid(ecdce787456fe964483ed4feae68afa4) Importer(815301076,1909f56bfc062723c751e8b465ee728b)  -> (artifact id: '46df24e46c175f0ecca23f41e1adf65b') in 0.035428 seconds 
========================================================================
Received Import Request.
  Time since last request: 349.163221 seconds.
  path: Assets/PlayerController.inputactions
  artifactKey: Guid(ecdce787456fe964483ed4feae68afa4) Importer(815301076,1909f56bfc062723c751e8b465ee728b)
Start importing Assets/PlayerController.inputactions using Guid(ecdce787456fe964483ed4feae68afa4) Importer(815301076,1909f56bfc062723c751e8b465ee728b)  -> (artifact id: '514d45cae789e2e4492502a04624c5ad') in 0.004734 seconds 
========================================================================
Received Import Request.
  Time since last request: 22.936099 seconds.
  path: Assets/PlayerController.inputactions
  artifactKey: Guid(ecdce787456fe964483ed4feae68afa4) Importer(815301076,1909f56bfc062723c751e8b465ee728b)
Start importing Assets/PlayerController.inputactions using Guid(ecdce787456fe964483ed4feae68afa4) Importer(815301076,1909f56bfc062723c751e8b465ee728b)  -> (artifact id: '56771efa049251d553f7b7f7f388b2e0') in 0.002662 seconds 
========================================================================
Received Import Request.
  Time since last request: 3.871455 seconds.
  path: Assets/PlayerController.inputactions
  artifactKey: Guid(ecdce787456fe964483ed4feae68afa4) Importer(815301076,1909f56bfc062723c751e8b465ee728b)
Start importing Assets/PlayerController.inputactions using Guid(ecdce787456fe964483ed4feae68afa4) Importer(815301076,1909f56bfc062723c751e8b465ee728b)  -> (artifact id: '48f7294116234fb4af1dded9c63bae3e') in 0.003009 seconds 
========================================================================
Received Import Request.
  Time since last request: 86.247736 seconds.
  path: Assets/PlayerController.inputactions
  artifactKey: Guid(ecdce787456fe964483ed4feae68afa4) Importer(815301076,1909f56bfc062723c751e8b465ee728b)
Start importing Assets/PlayerController.inputactions using Guid(ecdce787456fe964483ed4feae68afa4) Importer(815301076,1909f56bfc062723c751e8b465ee728b)  -> (artifact id: '8e2860b517d46db9eb454d29a86ebb0a') in 0.003109 seconds 
========================================================================
Received Import Request.
  Time since last request: 942.598368 seconds.
  path: Assets/PlayerController.inputactions
  artifactKey: Guid(ecdce787456fe964483ed4feae68afa4) Importer(815301076,1909f56bfc062723c751e8b465ee728b)
Start importing Assets/PlayerController.inputactions using Guid(ecdce787456fe964483ed4feae68afa4) Importer(815301076,1909f56bfc062723c751e8b465ee728b)  -> (artifact id: 'ce07f2eb2279926c63b7545d197f8579') in 0.003462 seconds 
========================================================================
Received Import Request.
  Time since last request: 22.009394 seconds.
  path: Assets/PlayerController.inputactions
  artifactKey: Guid(ecdce787456fe964483ed4feae68afa4) Importer(815301076,1909f56bfc062723c751e8b465ee728b)
Start importing Assets/PlayerController.inputactions using Guid(ecdce787456fe964483ed4feae68afa4) Importer(815301076,1909f56bfc062723c751e8b465ee728b)  -> (artifact id: 'ee0c8bb52d6eca461de9b05e15f4c59c') in 0.002654 seconds 
========================================================================
Received Import Request.
  Time since last request: 12.444521 seconds.
  path: Assets/PlayerController.inputactions
  artifactKey: Guid(ecdce787456fe964483ed4feae68afa4) Importer(815301076,1909f56bfc062723c751e8b465ee728b)
Start importing Assets/PlayerController.inputactions using Guid(ecdce787456fe964483ed4feae68afa4) Importer(815301076,1909f56bfc062723c751e8b465ee728b)  -> (artifact id: '512773020849c00e0545fa2d053859b1') in 0.002413 seconds 
========================================================================
Received Import Request.
  Time since last request: 20.035918 seconds.
  path: Assets/PlayerController.inputactions
  artifactKey: Guid(ecdce787456fe964483ed4feae68afa4) Importer(815301076,1909f56bfc062723c751e8b465ee728b)
Start importing Assets/PlayerController.inputactions using Guid(ecdce787456fe964483ed4feae68afa4) Importer(815301076,1909f56bfc062723c751e8b465ee728b)  -> (artifact id: 'a0f4a9c92189825252d3618963c1c150') in 0.002740 seconds 
========================================================================
Received Import Request.
  Time since last request: 11.887102 seconds.
  path: Assets/PlayerController.inputactions
  artifactKey: Guid(ecdce787456fe964483ed4feae68afa4) Importer(815301076,1909f56bfc062723c751e8b465ee728b)
Start importing Assets/PlayerController.inputactions using Guid(ecdce787456fe964483ed4feae68afa4) Importer(815301076,1909f56bfc062723c751e8b465ee728b)  -> (artifact id: 'bc0b90e3b2fb6de685e4b1e45ae525b4') in 0.004984 seconds 
========================================================================
Received Import Request.
  Time since last request: 275.060864 seconds.
  path: Assets/PlayerController.inputactions
  artifactKey: Guid(ecdce787456fe964483ed4feae68afa4) Importer(815301076,1909f56bfc062723c751e8b465ee728b)
Start importing Assets/PlayerController.inputactions using Guid(ecdce787456fe964483ed4feae68afa4) Importer(815301076,1909f56bfc062723c751e8b465ee728b)  -> (artifact id: 'e209dbfa8cc3fd7d3523f67a129fd3f2') in 0.002806 seconds 
========================================================================
Received Import Request.
  Time since last request: 13.687937 seconds.
  path: Assets/PlayerController.inputactions
  artifactKey: Guid(ecdce787456fe964483ed4feae68afa4) Importer(815301076,1909f56bfc062723c751e8b465ee728b)
Start importing Assets/PlayerController.inputactions using Guid(ecdce787456fe964483ed4feae68afa4) Importer(815301076,1909f56bfc062723c751e8b465ee728b)  -> (artifact id: '058e0bc4de44b27b18d0d1e64f41b028') in 0.004119 seconds 
========================================================================
Received Import Request.
  Time since last request: 26.711021 seconds.
  path: Assets/PlayerController.inputactions
  artifactKey: Guid(ecdce787456fe964483ed4feae68afa4) Importer(815301076,1909f56bfc062723c751e8b465ee728b)
Start importing Assets/PlayerController.inputactions using Guid(ecdce787456fe964483ed4feae68afa4) Importer(815301076,1909f56bfc062723c751e8b465ee728b)  -> (artifact id: '109e4e6896271330636a01527522e4fa') in 0.002501 seconds 
========================================================================
Received Import Request.
  Time since last request: 42.761825 seconds.
  path: Assets/PlayerController.inputactions
  artifactKey: Guid(ecdce787456fe964483ed4feae68afa4) Importer(815301076,1909f56bfc062723c751e8b465ee728b)
Start importing Assets/PlayerController.inputactions using Guid(ecdce787456fe964483ed4feae68afa4) Importer(815301076,1909f56bfc062723c751e8b465ee728b)  -> (artifact id: 'a141813fceb0dd3d1978cb147ec997af') in 0.003628 seconds 
========================================================================
Received Import Request.
  Time since last request: 29.923481 seconds.
  path: Assets/PlayerController.inputactions
  artifactKey: Guid(ecdce787456fe964483ed4feae68afa4) Importer(815301076,1909f56bfc062723c751e8b465ee728b)
Start importing Assets/PlayerController.inputactions using Guid(ecdce787456fe964483ed4feae68afa4) Importer(815301076,1909f56bfc062723c751e8b465ee728b)  -> (artifact id: 'd8d6cbfc1c8e192feb3680edfa2b1a3b') in 0.006161 seconds 
========================================================================
Received Import Request.
  Time since last request: 11.017592 seconds.
  path: Assets/PlayerController.inputactions
  artifactKey: Guid(ecdce787456fe964483ed4feae68afa4) Importer(815301076,1909f56bfc062723c751e8b465ee728b)
Start importing Assets/PlayerController.inputactions using Guid(ecdce787456fe964483ed4feae68afa4) Importer(815301076,1909f56bfc062723c751e8b465ee728b)  -> (artifact id: '510e88bd50d9dacbeb9a21976fe703af') in 0.004493 seconds 
========================================================================
Received Import Request.
  Time since last request: 270.913027 seconds.
  path: Assets/PlayerController.inputactions
  artifactKey: Guid(ecdce787456fe964483ed4feae68afa4) Importer(815301076,1909f56bfc062723c751e8b465ee728b)
Start importing Assets/PlayerController.inputactions using Guid(ecdce787456fe964483ed4feae68afa4) Importer(815301076,1909f56bfc062723c751e8b465ee728b)  -> (artifact id: 'fadd8216558c03aaa15178c906616385') in 0.004668 seconds 
========================================================================
Received Import Request.
  Time since last request: 201.054329 seconds.
  path: Assets/PlayerController.inputactions
  artifactKey: Guid(ecdce787456fe964483ed4feae68afa4) Importer(815301076,1909f56bfc062723c751e8b465ee728b)
Start importing Assets/PlayerController.inputactions using Guid(ecdce787456fe964483ed4feae68afa4) Importer(815301076,1909f56bfc062723c751e8b465ee728b)  -> (artifact id: '761c41835e6d8247553b0141acf401cf') in 0.003289 seconds 
========================================================================
Received Import Request.
  Time since last request: 7.428367 seconds.
  path: Assets/PlayerController.inputactions
  artifactKey: Guid(ecdce787456fe964483ed4feae68afa4) Importer(815301076,1909f56bfc062723c751e8b465ee728b)
Start importing Assets/PlayerController.inputactions using Guid(ecdce787456fe964483ed4feae68afa4) Importer(815301076,1909f56bfc062723c751e8b465ee728b)  -> (artifact id: 'cf5ee80bc6a1b201a15ce10ef7b39cdc') in 0.003263 seconds 
========================================================================
Received Import Request.
  Time since last request: 31.736316 seconds.
  path: Assets/PlayerController.inputactions
  artifactKey: Guid(ecdce787456fe964483ed4feae68afa4) Importer(815301076,1909f56bfc062723c751e8b465ee728b)
Start importing Assets/PlayerController.inputactions using Guid(ecdce787456fe964483ed4feae68afa4) Importer(815301076,1909f56bfc062723c751e8b465ee728b)  -> (artifact id: 'e88a5caaa6e0de31dfd12647ff683806') in 0.003599 seconds 
========================================================================
Received Import Request.
  Time since last request: 171.632271 seconds.
  path: Assets/PlayerController.inputactions
  artifactKey: Guid(ecdce787456fe964483ed4feae68afa4) Importer(815301076,1909f56bfc062723c751e8b465ee728b)
Start importing Assets/PlayerController.inputactions using Guid(ecdce787456fe964483ed4feae68afa4) Importer(815301076,1909f56bfc062723c751e8b465ee728b)  -> (artifact id: 'fd4d604db08061dd7563101d71b101da') in 0.004208 seconds 
========================================================================
Received Import Request.
  Time since last request: 10.719408 seconds.
  path: Assets/PlayerController.inputactions
  artifactKey: Guid(ecdce787456fe964483ed4feae68afa4) Importer(815301076,1909f56bfc062723c751e8b465ee728b)
Start importing Assets/PlayerController.inputactions using Guid(ecdce787456fe964483ed4feae68afa4) Importer(815301076,1909f56bfc062723c751e8b465ee728b)  -> (artifact id: '5dde6fd5a55dec9b24548943abe57ba4') in 0.004350 seconds 
========================================================================
Received Import Request.
  Time since last request: 23.140426 seconds.
  path: Assets/PlayerController.inputactions
  artifactKey: Guid(ecdce787456fe964483ed4feae68afa4) Importer(815301076,1909f56bfc062723c751e8b465ee728b)
Start importing Assets/PlayerController.inputactions using Guid(ecdce787456fe964483ed4feae68afa4) Importer(815301076,1909f56bfc062723c751e8b465ee728b)  -> (artifact id: 'ea253769900a3c5b5adb6a860184e7de') in 0.003165 seconds 
========================================================================
Received Import Request.
  Time since last request: 45.465597 seconds.
  path: Assets/PlayerController.inputactions
  artifactKey: Guid(ecdce787456fe964483ed4feae68afa4) Importer(815301076,1909f56bfc062723c751e8b465ee728b)
Start importing Assets/PlayerController.inputactions using Guid(ecdce787456fe964483ed4feae68afa4) Importer(815301076,1909f56bfc062723c751e8b465ee728b)  -> (artifact id: '2b9092bc99750976fc4d3e5aeeb583ac') in 0.003072 seconds 
========================================================================
Received Import Request.
  Time since last request: 46.547864 seconds.
  path: Assets/PlayerController.inputactions
  artifactKey: Guid(ecdce787456fe964483ed4feae68afa4) Importer(815301076,1909f56bfc062723c751e8b465ee728b)
Start importing Assets/PlayerController.inputactions using Guid(ecdce787456fe964483ed4feae68afa4) Importer(815301076,1909f56bfc062723c751e8b465ee728b)  -> (artifact id: '9fcb615c3855cc3a4e98d9ce0d03722f') in 0.002696 seconds 
========================================================================
Received Import Request.
  Time since last request: 116.592222 seconds.
  path: Assets/PlayerController.inputactions
  artifactKey: Guid(ecdce787456fe964483ed4feae68afa4) Importer(815301076,1909f56bfc062723c751e8b465ee728b)
Start importing Assets/PlayerController.inputactions using Guid(ecdce787456fe964483ed4feae68afa4) Importer(815301076,1909f56bfc062723c751e8b465ee728b)  -> (artifact id: 'a3edf2486a98c757ef86c8d5a6efe75c') in 0.002558 seconds 
========================================================================
Received Import Request.
  Time since last request: 16.070717 seconds.
  path: Assets/PlayerController.inputactions
  artifactKey: Guid(ecdce787456fe964483ed4feae68afa4) Importer(815301076,1909f56bfc062723c751e8b465ee728b)
Start importing Assets/PlayerController.inputactions using Guid(ecdce787456fe964483ed4feae68afa4) Importer(815301076,1909f56bfc062723c751e8b465ee728b)  -> (artifact id: 'ddf2e4cc35ba6e523fed629b35b0d60a') in 0.003532 seconds 
========================================================================
Received Import Request.
  Time since last request: 10.188516 seconds.
  path: Assets/PlayerController.inputactions
  artifactKey: Guid(ecdce787456fe964483ed4feae68afa4) Importer(815301076,1909f56bfc062723c751e8b465ee728b)
Start importing Assets/PlayerController.inputactions using Guid(ecdce787456fe964483ed4feae68afa4) Importer(815301076,1909f56bfc062723c751e8b465ee728b)  -> (artifact id: 'b9105d0150f6254113aced6853bcd59f') in 0.002909 seconds 
========================================================================
Received Import Request.
  Time since last request: 36.325249 seconds.
  path: Assets/PlayerController.inputactions
  artifactKey: Guid(ecdce787456fe964483ed4feae68afa4) Importer(815301076,1909f56bfc062723c751e8b465ee728b)
Start importing Assets/PlayerController.inputactions using Guid(ecdce787456fe964483ed4feae68afa4) Importer(815301076,1909f56bfc062723c751e8b465ee728b)  -> (artifact id: '4f728ed1e968718d5ee5e5f2f91d5952') in 0.003052 seconds 
========================================================================
Received Import Request.
  Time since last request: 83.256484 seconds.
  path: Assets/PlayerController.inputactions
  artifactKey: Guid(ecdce787456fe964483ed4feae68afa4) Importer(815301076,1909f56bfc062723c751e8b465ee728b)
Start importing Assets/PlayerController.inputactions using Guid(ecdce787456fe964483ed4feae68afa4) Importer(815301076,1909f56bfc062723c751e8b465ee728b)  -> (artifact id: 'e1bde17d8fb0087b42170490396393db') in 0.003451 seconds 
========================================================================
Received Import Request.
  Time since last request: 28.080772 seconds.
  path: Assets/PlayerController.inputactions
  artifactKey: Guid(ecdce787456fe964483ed4feae68afa4) Importer(815301076,1909f56bfc062723c751e8b465ee728b)
Start importing Assets/PlayerController.inputactions using Guid(ecdce787456fe964483ed4feae68afa4) Importer(815301076,1909f56bfc062723c751e8b465ee728b)  -> (artifact id: 'e2781e25a3d82fb55da7b9da16d55a4d') in 0.009938 seconds 
========================================================================
Received Import Request.
  Time since last request: 31.313393 seconds.
  path: Assets/PlayerController.inputactions
  artifactKey: Guid(ecdce787456fe964483ed4feae68afa4) Importer(815301076,1909f56bfc062723c751e8b465ee728b)
Start importing Assets/PlayerController.inputactions using Guid(ecdce787456fe964483ed4feae68afa4) Importer(815301076,1909f56bfc062723c751e8b465ee728b)  -> (artifact id: '2337665ffd775738e6500dffb1bacf5f') in 0.003206 seconds 
========================================================================
Received Import Request.
  Time since last request: 8.737723 seconds.
  path: Assets/PlayerController.inputactions
  artifactKey: Guid(ecdce787456fe964483ed4feae68afa4) Importer(815301076,1909f56bfc062723c751e8b465ee728b)
Start importing Assets/PlayerController.inputactions using Guid(ecdce787456fe964483ed4feae68afa4) Importer(815301076,1909f56bfc062723c751e8b465ee728b)  -> (artifact id: '1f8b8ced03d3001a6ea31e1d10dfe26c') in 0.003587 seconds 
========================================================================
Received Import Request.
  Time since last request: 11.735305 seconds.
  path: Assets/PlayerController.inputactions
  artifactKey: Guid(ecdce787456fe964483ed4feae68afa4) Importer(815301076,1909f56bfc062723c751e8b465ee728b)
Start importing Assets/PlayerController.inputactions using Guid(ecdce787456fe964483ed4feae68afa4) Importer(815301076,1909f56bfc062723c751e8b465ee728b)  -> (artifact id: 'c5c0c27c1dff78a3b9ea77205aed420c') in 0.003437 seconds 
========================================================================
Received Import Request.
  Time since last request: 14.701636 seconds.
  path: Assets/PlayerController.inputactions
  artifactKey: Guid(ecdce787456fe964483ed4feae68afa4) Importer(815301076,1909f56bfc062723c751e8b465ee728b)
Start importing Assets/PlayerController.inputactions using Guid(ecdce787456fe964483ed4feae68afa4) Importer(815301076,1909f56bfc062723c751e8b465ee728b)  -> (artifact id: '4021275cf939fcaf2de0bbc140153ec2') in 0.004712 seconds 
========================================================================
Received Import Request.
  Time since last request: 10.386732 seconds.
  path: Assets/PlayerController.inputactions
  artifactKey: Guid(ecdce787456fe964483ed4feae68afa4) Importer(815301076,1909f56bfc062723c751e8b465ee728b)
Start importing Assets/PlayerController.inputactions using Guid(ecdce787456fe964483ed4feae68afa4) Importer(815301076,1909f56bfc062723c751e8b465ee728b)  -> (artifact id: '4e3a953b2fd51b3fd5a3c57a265625d5') in 0.002911 seconds 
========================================================================
Received Import Request.
  Time since last request: 16.116236 seconds.
  path: Assets/PlayerController.inputactions
  artifactKey: Guid(ecdce787456fe964483ed4feae68afa4) Importer(815301076,1909f56bfc062723c751e8b465ee728b)
Start importing Assets/PlayerController.inputactions using Guid(ecdce787456fe964483ed4feae68afa4) Importer(815301076,1909f56bfc062723c751e8b465ee728b)  -> (artifact id: '8ca5a42d4a70493ab73017a1fea0ef8e') in 0.003007 seconds 
========================================================================
Received Import Request.
  Time since last request: 16.694520 seconds.
  path: Assets/PlayerController.inputactions
  artifactKey: Guid(ecdce787456fe964483ed4feae68afa4) Importer(815301076,1909f56bfc062723c751e8b465ee728b)
Start importing Assets/PlayerController.inputactions using Guid(ecdce787456fe964483ed4feae68afa4) Importer(815301076,1909f56bfc062723c751e8b465ee728b)  -> (artifact id: '30fa35520c3fb22d3712db2c1bffbec8') in 0.002637 seconds 
========================================================================
Received Import Request.
  Time since last request: 18.291783 seconds.
  path: Assets/PlayerController.inputactions
  artifactKey: Guid(ecdce787456fe964483ed4feae68afa4) Importer(815301076,1909f56bfc062723c751e8b465ee728b)
Start importing Assets/PlayerController.inputactions using Guid(ecdce787456fe964483ed4feae68afa4) Importer(815301076,1909f56bfc062723c751e8b465ee728b)  -> (artifact id: 'f00fbf5482d97d1b74822e43f7e7aa97') in 0.003449 seconds 
========================================================================
Received Import Request.
  Time since last request: 4.074336 seconds.
  path: Assets/PlayerController.inputactions
  artifactKey: Guid(ecdce787456fe964483ed4feae68afa4) Importer(815301076,1909f56bfc062723c751e8b465ee728b)
Start importing Assets/PlayerController.inputactions using Guid(ecdce787456fe964483ed4feae68afa4) Importer(815301076,1909f56bfc062723c751e8b465ee728b)  -> (artifact id: '54544d0beb3f39e4d8772b13155b1b31') in 0.003370 seconds 
========================================================================
Received Import Request.
  Time since last request: 13.279075 seconds.
  path: Assets/PlayerController.inputactions
  artifactKey: Guid(ecdce787456fe964483ed4feae68afa4) Importer(815301076,1909f56bfc062723c751e8b465ee728b)
Start importing Assets/PlayerController.inputactions using Guid(ecdce787456fe964483ed4feae68afa4) Importer(815301076,1909f56bfc062723c751e8b465ee728b)  -> (artifact id: '2cc2750aae150353e5e6c60bf8703277') in 0.003482 seconds 
========================================================================
Received Import Request.
  Time since last request: 5.371636 seconds.
  path: Assets/PlayerController.inputactions
  artifactKey: Guid(ecdce787456fe964483ed4feae68afa4) Importer(815301076,1909f56bfc062723c751e8b465ee728b)
Start importing Assets/PlayerController.inputactions using Guid(ecdce787456fe964483ed4feae68afa4) Importer(815301076,1909f56bfc062723c751e8b465ee728b)  -> (artifact id: 'c0af800a989e4c6701afdb63b0aace81') in 0.003539 seconds 
========================================================================
Received Import Request.
  Time since last request: 1.685532 seconds.
  path: Assets/PlayerController.inputactions
  artifactKey: Guid(ecdce787456fe964483ed4feae68afa4) Importer(815301076,1909f56bfc062723c751e8b465ee728b)
Start importing Assets/PlayerController.inputactions using Guid(ecdce787456fe964483ed4feae68afa4) Importer(815301076,1909f56bfc062723c751e8b465ee728b)  -> (artifact id: 'bd942d750b95d87123272fe0229b4bed') in 0.003568 seconds 
========================================================================
Received Import Request.
  Time since last request: 76.934302 seconds.
  path: Assets/PlayerController.inputactions
  artifactKey: Guid(ecdce787456fe964483ed4feae68afa4) Importer(815301076,1909f56bfc062723c751e8b465ee728b)
Start importing Assets/PlayerController.inputactions using Guid(ecdce787456fe964483ed4feae68afa4) Importer(815301076,1909f56bfc062723c751e8b465ee728b)  -> (artifact id: 'e3a9fd931689d069e58dac1163ed06e4') in 0.003089 seconds 
========================================================================
Received Import Request.
  Time since last request: 20.346941 seconds.
  path: Assets/PlayerController.inputactions
  artifactKey: Guid(ecdce787456fe964483ed4feae68afa4) Importer(815301076,1909f56bfc062723c751e8b465ee728b)
Start importing Assets/PlayerController.inputactions using Guid(ecdce787456fe964483ed4feae68afa4) Importer(815301076,1909f56bfc062723c751e8b465ee728b)  -> (artifact id: 'bdb4bedc6567d14c2ef78a2af0f3857f') in 0.006396 seconds 
========================================================================
Received Import Request.
  Time since last request: 22.058954 seconds.
  path: Assets/PlayerController.inputactions
  artifactKey: Guid(ecdce787456fe964483ed4feae68afa4) Importer(815301076,1909f56bfc062723c751e8b465ee728b)
Start importing Assets/PlayerController.inputactions using Guid(ecdce787456fe964483ed4feae68afa4) Importer(815301076,1909f56bfc062723c751e8b465ee728b)  -> (artifact id: 'a4be3242d064c45b40835e32f52ffed8') in 0.002928 seconds 
========================================================================
Received Import Request.
  Time since last request: 70.260014 seconds.
  path: Assets/PlayerController.inputactions
  artifactKey: Guid(ecdce787456fe964483ed4feae68afa4) Importer(815301076,1909f56bfc062723c751e8b465ee728b)
Start importing Assets/PlayerController.inputactions using Guid(ecdce787456fe964483ed4feae68afa4) Importer(815301076,1909f56bfc062723c751e8b465ee728b)  -> (artifact id: '8722797ec70a8d1f3dbbb009378fcaf7') in 0.003459 seconds 
========================================================================
Received Import Request.
  Time since last request: 26.044656 seconds.
  path: Assets/PlayerController.inputactions
  artifactKey: Guid(ecdce787456fe964483ed4feae68afa4) Importer(815301076,1909f56bfc062723c751e8b465ee728b)
Start importing Assets/PlayerController.inputactions using Guid(ecdce787456fe964483ed4feae68afa4) Importer(815301076,1909f56bfc062723c751e8b465ee728b)  -> (artifact id: 'e6dc1a0045471208f0f05205c7070649') in 0.004233 seconds 
========================================================================
Received Import Request.
  Time since last request: 22.684596 seconds.
  path: Assets/PlayerController.inputactions
  artifactKey: Guid(ecdce787456fe964483ed4feae68afa4) Importer(815301076,1909f56bfc062723c751e8b465ee728b)
Start importing Assets/PlayerController.inputactions using Guid(ecdce787456fe964483ed4feae68afa4) Importer(815301076,1909f56bfc062723c751e8b465ee728b)  -> (artifact id: '6b4bcebf8930cda83cbe43a207909dd0') in 0.004162 seconds 
========================================================================
Received Import Request.
  Time since last request: 15.048177 seconds.
  path: Assets/PlayerController.inputactions
  artifactKey: Guid(ecdce787456fe964483ed4feae68afa4) Importer(815301076,1909f56bfc062723c751e8b465ee728b)
Start importing Assets/PlayerController.inputactions using Guid(ecdce787456fe964483ed4feae68afa4) Importer(815301076,1909f56bfc062723c751e8b465ee728b)  -> (artifact id: '0b2b031c267f4b269a349d606018ca34') in 0.003266 seconds 
========================================================================
Received Prepare
Registering precompiled user dll's ...
Registered in 0.004167 seconds.
Begin MonoManager ReloadAssembly
Native extension for UWP target not found
Native extension for WindowsStandalone target not found
Native extension for Android target not found
Refreshing native plugins compatible for Editor in 0.66 ms, found 3 plugins.
Preloading 0 native plugins for Editor in 0.00 ms.
[ScriptCompilation] NOT recompiling all scripts because this is an import worker process. Reason to compile was: Define symbols changed
Mono: successfully reloaded assembly
- Completed reload, in  3.258 seconds
Domain Reload Profiling:
	ReloadAssembly (3259ms)
		BeginReloadAssembly (429ms)
			ExecutionOrderSort (0ms)
			DisableScriptedObjects (14ms)
			BackupInstance (0ms)
			ReleaseScriptingObjects (0ms)
			CreateAndSetChildDomain (141ms)
		EndReloadAssembly (2705ms)
			LoadAssemblies (108ms)
			RebuildTransferFunctionScriptingTraits (0ms)
			SetupTypeCache (307ms)
			ReleaseScriptCaches (1ms)
			RebuildScriptCaches (49ms)
			SetupLoadedEditorAssemblies (2196ms)
				LogAssemblyErrors (0ms)
				InitializePlatformSupportModulesInManaged (26ms)
				SetLoadedEditorAssemblies (1ms)
				RefreshPlugins (1ms)
				BeforeProcessingInitializeOnLoad (70ms)
				ProcessInitializeOnLoadAttributes (2065ms)
				ProcessInitializeOnLoadMethodAttributes (29ms)
				AfterProcessingInitializeOnLoad (4ms)
				EditorAssembliesLoaded (0ms)
			ExecutionOrderSort2 (0ms)
			AwakeInstancesAfterBackupRestoration (5ms)
Platform modules already initialized, skipping
Refreshing native plugins compatible for Editor in 1.60 ms, found 3 plugins.
Preloading 0 native plugins for Editor in 0.00 ms.
Unloading 3846 Unused Serialized files (Serialized files now loaded: 0)
Unloading 60 unused Assets / (3.3 MB). Loaded Objects now: 4275.
Memory consumption went from 141.5 MB to 138.2 MB.
Total: 4.115000 ms (FindLiveObjects: 0.304700 ms CreateObjectMapping: 0.117100 ms MarkObjects: 2.926900 ms  DeleteObjects: 0.765200 ms)

AssetImportParameters requested are different than current active one (requested -> active):
  custom:video-decoder-ogg-theora: a1e56fd34408186e4bbccfd4996cb3dc -> 
  custom:container-muxer-webm: aa71ff27fc2769a1b78a27578f13a17b -> 
  custom:container-demuxer-webm: 4f35f7cbe854078d1ac9338744f61a02 -> 
  custom:video-encoder-webm-vp8: eb34c28f22e8b96e1ab97ce403110664 -> 
  custom:audio-encoder-webm-vorbis: bf7c407c2cedff20999df2af8eb42d56 -> 
  custom:framework-win-MediaFoundation: 216162199b28c13a410421893ffa2e32 -> 
  custom:container-demuxer-ogg: 62fdf1f143b41e24485cea50d1cbac27 -> 
  custom:video-decoder-webm-vp8: 9c59270c3fd7afecdb556c50c9e8de78 -> 
  custom:audio-decoder-ogg-vorbis: bf7c407c2cedff20999df2af8eb42d56 -> 
========================================================================
Received Import Request.
  Time since last request: 946.834712 seconds.
  path: Assets/Material/ShipTrail.mat
  artifactKey: Guid(4f84b65a9a332714cbd3f56bcdc47fad) Importer(815301076,1909f56bfc062723c751e8b465ee728b)
Start importing Assets/Material/ShipTrail.mat using Guid(4f84b65a9a332714cbd3f56bcdc47fad) Importer(815301076,1909f56bfc062723c751e8b465ee728b)  -> (artifact id: 'c5ba41f581c86d2563c6eeda399b729b') in 0.173966 seconds 
========================================================================
Received Import Request.
  Time since last request: 17.613091 seconds.
  path: Assets/Prefabs/Ship.prefab
  artifactKey: Guid(156e71f1c061394499b04666c8ac2b69) Importer(815301076,1909f56bfc062723c751e8b465ee728b)
Start importing Assets/Prefabs/Ship.prefab using Guid(156e71f1c061394499b04666c8ac2b69) Importer(815301076,1909f56bfc062723c751e8b465ee728b)  -> (artifact id: 'c0327c13cdac28002e5b1c9b8c2417fe') in 0.057684 seconds 
========================================================================
Received Prepare
Registering precompiled user dll's ...
Registered in 0.007021 seconds.
Begin MonoManager ReloadAssembly
Native extension for UWP target not found
Native extension for WindowsStandalone target not found
Native extension for Android target not found
Refreshing native plugins compatible for Editor in 166.42 ms, found 3 plugins.
Preloading 0 native plugins for Editor in 0.00 ms.
Mono: successfully reloaded assembly
- Completed reload, in  5.701 seconds
Domain Reload Profiling:
	ReloadAssembly (5702ms)
		BeginReloadAssembly (1095ms)
			ExecutionOrderSort (0ms)
			DisableScriptedObjects (7ms)
			BackupInstance (0ms)
			ReleaseScriptingObjects (0ms)
			CreateAndSetChildDomain (342ms)
		EndReloadAssembly (4299ms)
			LoadAssemblies (799ms)
			RebuildTransferFunctionScriptingTraits (0ms)
			SetupTypeCache (1097ms)
			ReleaseScriptCaches (4ms)
			RebuildScriptCaches (1339ms)
			SetupLoadedEditorAssemblies (842ms)
				LogAssemblyErrors (0ms)
				InitializePlatformSupportModulesInManaged (32ms)
				SetLoadedEditorAssemblies (0ms)
				RefreshPlugins (167ms)
				BeforeProcessingInitializeOnLoad (92ms)
				ProcessInitializeOnLoadAttributes (435ms)
				ProcessInitializeOnLoadMethodAttributes (110ms)
				AfterProcessingInitializeOnLoad (5ms)
				EditorAssembliesLoaded (0ms)
			ExecutionOrderSort2 (0ms)
			AwakeInstancesAfterBackupRestoration (8ms)
Platform modules already initialized, skipping
Shader 'Universal Render Pipeline/Nature/SpeedTree7': dependency 'BillboardShader' shader 'Universal Render Pipeline/Nature/SpeedTree7 Billboard' not found
Shader 'Hidden/Universal Render Pipeline/Terrain/Lit (Base Pass)': fallback shader 'Hidden/Universal Render Pipeline/FallbackError' not found
WARNING: Shader Unsupported: 'Hidden/Universal Render Pipeline/Terrain/Lit (Base Pass)' - All subshaders removed
WARNING: Shader Did you use #pragma only_renderers and omit this platform?
WARNING: Shader If subshaders removal was intentional, you may have forgotten turning Fallback off?
WARNING: Shader Unsupported: 'Hidden/Universal Render Pipeline/Terrain/Lit (Base Pass)' - All subshaders removed
WARNING: Shader Did you use #pragma only_renderers and omit this platform?
WARNING: Shader If subshaders removal was intentional, you may have forgotten turning Fallback off?
Shader 'Hidden/Universal Render Pipeline/Terrain/Lit (Add Pass)': fallback shader 'Hidden/Universal Render Pipeline/FallbackError' not found
Shader 'Universal Render Pipeline/Baked Lit': fallback shader 'Universal Render Pipeline/Unlit' not found
Refreshing native plugins compatible for Editor in 2.31 ms, found 3 plugins.
Preloading 0 native plugins for Editor in 0.00 ms.
Unloading 5569 Unused Serialized files (Serialized files now loaded: 0)
Unloading 140 unused Assets / (9.3 MB). Loaded Objects now: 5960.
Memory consumption went from 223.2 MB to 213.9 MB.
Total: 8.597400 ms (FindLiveObjects: 0.465000 ms CreateObjectMapping: 0.257300 ms MarkObjects: 3.263300 ms  DeleteObjects: 4.609600 ms)

AssetImportParameters requested are different than current active one (requested -> active):
  custom:video-decoder-ogg-theora: a1e56fd34408186e4bbccfd4996cb3dc -> 
  custom:container-muxer-webm: aa71ff27fc2769a1b78a27578f13a17b -> 
  custom:container-demuxer-webm: 4f35f7cbe854078d1ac9338744f61a02 -> 
  custom:video-encoder-webm-vp8: eb34c28f22e8b96e1ab97ce403110664 -> 
  custom:audio-encoder-webm-vorbis: bf7c407c2cedff20999df2af8eb42d56 -> 
  custom:framework-win-MediaFoundation: 216162199b28c13a410421893ffa2e32 -> 
  custom:container-demuxer-ogg: 62fdf1f143b41e24485cea50d1cbac27 -> 
  custom:video-decoder-webm-vp8: 9c59270c3fd7afecdb556c50c9e8de78 -> 
  custom:audio-decoder-ogg-vorbis: bf7c407c2cedff20999df2af8eb42d56 -> 
========================================================================
Received Import Request.
  Time since last request: 460.699755 seconds.
  path: Assets/Samples/Universal RP/12.1.7/URP Package Samples
  artifactKey: Guid(49f83702f5de18e4bbd9204c3ede3668) Importer(815301076,1909f56bfc062723c751e8b465ee728b)
Start importing Assets/Samples/Universal RP/12.1.7/URP Package Samples using Guid(49f83702f5de18e4bbd9204c3ede3668) Importer(815301076,1909f56bfc062723c751e8b465ee728b)  -> (artifact id: '4edc49069bd9bafcfc1952b7816f63c3') in 0.018304 seconds 
========================================================================
Received Prepare
Registering precompiled user dll's ...
Registered in 0.003191 seconds.
Begin MonoManager ReloadAssembly
Native extension for UWP target not found
Native extension for WindowsStandalone target not found
Native extension for Android target not found
Refreshing native plugins compatible for Editor in 0.89 ms, found 3 plugins.
Preloading 0 native plugins for Editor in 0.00 ms.
Mono: successfully reloaded assembly
- Completed reload, in  1.372 seconds
Domain Reload Profiling:
	ReloadAssembly (1373ms)
		BeginReloadAssembly (163ms)
			ExecutionOrderSort (0ms)
			DisableScriptedObjects (6ms)
			BackupInstance (0ms)
			ReleaseScriptingObjects (0ms)
			CreateAndSetChildDomain (51ms)
		EndReloadAssembly (1115ms)
			LoadAssemblies (102ms)
			RebuildTransferFunctionScriptingTraits (0ms)
			SetupTypeCache (361ms)
			ReleaseScriptCaches (2ms)
			RebuildScriptCaches (56ms)
			SetupLoadedEditorAssemblies (565ms)
				LogAssemblyErrors (0ms)
				InitializePlatformSupportModulesInManaged (26ms)
				SetLoadedEditorAssemblies (0ms)
				RefreshPlugins (1ms)
				BeforeProcessingInitializeOnLoad (95ms)
				ProcessInitializeOnLoadAttributes (340ms)
				ProcessInitializeOnLoadMethodAttributes (97ms)
				AfterProcessingInitializeOnLoad (5ms)
				EditorAssembliesLoaded (0ms)
			ExecutionOrderSort2 (0ms)
			AwakeInstancesAfterBackupRestoration (5ms)
Platform modules already initialized, skipping
Refreshing native plugins compatible for Editor in 2.14 ms, found 3 plugins.
Preloading 0 native plugins for Editor in 0.00 ms.
Unloading 5577 Unused Serialized files (Serialized files now loaded: 0)
Unloading 141 unused Assets / (9.4 MB). Loaded Objects now: 5968.
Memory consumption went from 225.0 MB to 215.6 MB.
Total: 7.196000 ms (FindLiveObjects: 0.533900 ms CreateObjectMapping: 0.263900 ms MarkObjects: 2.882800 ms  DeleteObjects: 3.514400 ms)

AssetImportParameters requested are different than current active one (requested -> active):
  custom:video-decoder-ogg-theora: a1e56fd34408186e4bbccfd4996cb3dc -> 
  custom:container-muxer-webm: aa71ff27fc2769a1b78a27578f13a17b -> 
  custom:container-demuxer-webm: 4f35f7cbe854078d1ac9338744f61a02 -> 
  custom:video-encoder-webm-vp8: eb34c28f22e8b96e1ab97ce403110664 -> 
  custom:audio-encoder-webm-vorbis: bf7c407c2cedff20999df2af8eb42d56 -> 
  custom:framework-win-MediaFoundation: 216162199b28c13a410421893ffa2e32 -> 
  custom:container-demuxer-ogg: 62fdf1f143b41e24485cea50d1cbac27 -> 
  custom:video-decoder-webm-vp8: 9c59270c3fd7afecdb556c50c9e8de78 -> 
  custom:audio-decoder-ogg-vorbis: bf7c407c2cedff20999df2af8eb42d56 -> 
========================================================================
Received Import Request.
  Time since last request: 53.532742 seconds.
  path: Assets/Material/ShipTrail.mat
  artifactKey: Guid(4f84b65a9a332714cbd3f56bcdc47fad) Importer(815301076,1909f56bfc062723c751e8b465ee728b)
Start importing Assets/Material/ShipTrail.mat using Guid(4f84b65a9a332714cbd3f56bcdc47fad) Importer(815301076,1909f56bfc062723c751e8b465ee728b)  -> (artifact id: '2931224ec2f1e003adb3f5b0c64ba088') in 0.087062 seconds 
========================================================================
Received Import Request.
  Time since last request: 451.987688 seconds.
  path: Assets/Material/ShipTrail.mat
  artifactKey: Guid(4f84b65a9a332714cbd3f56bcdc47fad) Importer(815301076,1909f56bfc062723c751e8b465ee728b)
Start importing Assets/Material/ShipTrail.mat using Guid(4f84b65a9a332714cbd3f56bcdc47fad) Importer(815301076,1909f56bfc062723c751e8b465ee728b)  -> (artifact id: 'b9602bb9147d48d1c73071cb257acdaa') in 0.020793 seconds 
========================================================================
Received Prepare
Registering precompiled user dll's ...
Registered in 0.003746 seconds.
Begin MonoManager ReloadAssembly
Native extension for UWP target not found
Native extension for WindowsStandalone target not found
Native extension for Android target not found
Refreshing native plugins compatible for Editor in 1.09 ms, found 3 plugins.
Preloading 0 native plugins for Editor in 0.00 ms.
Mono: successfully reloaded assembly
- Completed reload, in  1.711 seconds
Domain Reload Profiling:
	ReloadAssembly (1712ms)
		BeginReloadAssembly (186ms)
			ExecutionOrderSort (0ms)
			DisableScriptedObjects (5ms)
			BackupInstance (0ms)
			ReleaseScriptingObjects (0ms)
			CreateAndSetChildDomain (61ms)
		EndReloadAssembly (1387ms)
			LoadAssemblies (119ms)
			RebuildTransferFunctionScriptingTraits (0ms)
			SetupTypeCache (463ms)
			ReleaseScriptCaches (3ms)
			RebuildScriptCaches (67ms)
			SetupLoadedEditorAssemblies (679ms)
				LogAssemblyErrors (0ms)
				InitializePlatformSupportModulesInManaged (28ms)
				SetLoadedEditorAssemblies (1ms)
				RefreshPlugins (1ms)
				BeforeProcessingInitializeOnLoad (121ms)
				ProcessInitializeOnLoadAttributes (419ms)
				ProcessInitializeOnLoadMethodAttributes (103ms)
				AfterProcessingInitializeOnLoad (5ms)
				EditorAssembliesLoaded (0ms)
			ExecutionOrderSort2 (0ms)
			AwakeInstancesAfterBackupRestoration (7ms)
Platform modules already initialized, skipping
Refreshing native plugins compatible for Editor in 2.12 ms, found 3 plugins.
Preloading 0 native plugins for Editor in 0.00 ms.
Unloading 5737 Unused Serialized files (Serialized files now loaded: 0)
Unloading 144 unused Assets / (9.4 MB). Loaded Objects now: 6139.
Memory consumption went from 230.3 MB to 220.9 MB.
Total: 8.866800 ms (FindLiveObjects: 0.419900 ms CreateObjectMapping: 0.256200 ms MarkObjects: 3.469600 ms  DeleteObjects: 4.719900 ms)

AssetImportParameters requested are different than current active one (requested -> active):
  custom:video-decoder-ogg-theora: a1e56fd34408186e4bbccfd4996cb3dc -> 
  custom:container-muxer-webm: aa71ff27fc2769a1b78a27578f13a17b -> 
  custom:container-demuxer-webm: 4f35f7cbe854078d1ac9338744f61a02 -> 
  custom:video-encoder-webm-vp8: eb34c28f22e8b96e1ab97ce403110664 -> 
  custom:audio-encoder-webm-vorbis: bf7c407c2cedff20999df2af8eb42d56 -> 
  custom:framework-win-MediaFoundation: 216162199b28c13a410421893ffa2e32 -> 
  custom:container-demuxer-ogg: 62fdf1f143b41e24485cea50d1cbac27 -> 
  custom:video-decoder-webm-vp8: 9c59270c3fd7afecdb556c50c9e8de78 -> 
  custom:audio-decoder-ogg-vorbis: bf7c407c2cedff20999df2af8eb42d56 -> 
========================================================================
Received Import Request.
  Time since last request: 1600.576971 seconds.
  path: Assets/Samples/Cinemachine/2.8.6/Cinemachine Example Scenes
  artifactKey: Guid(776ab2c4a35ffb74296157164b27b1ce) Importer(815301076,1909f56bfc062723c751e8b465ee728b)
Start importing Assets/Samples/Cinemachine/2.8.6/Cinemachine Example Scenes using Guid(776ab2c4a35ffb74296157164b27b1ce) Importer(815301076,1909f56bfc062723c751e8b465ee728b)  -> (artifact id: 'f83854249e8f8cd433c2ab0d9ac93262') in 0.025879 seconds 
========================================================================
Received Prepare
Registering precompiled user dll's ...
Registered in 0.002939 seconds.
Begin MonoManager ReloadAssembly
Native extension for UWP target not found
Native extension for WindowsStandalone target not found
Native extension for Android target not found
Refreshing native plugins compatible for Editor in 0.98 ms, found 3 plugins.
Preloading 0 native plugins for Editor in 0.00 ms.
Mono: successfully reloaded assembly
- Completed reload, in  1.380 seconds
Domain Reload Profiling:
	ReloadAssembly (1381ms)
		BeginReloadAssembly (154ms)
			ExecutionOrderSort (0ms)
			DisableScriptedObjects (4ms)
			BackupInstance (0ms)
			ReleaseScriptingObjects (0ms)
			CreateAndSetChildDomain (48ms)
		EndReloadAssembly (1132ms)
			LoadAssemblies (99ms)
			RebuildTransferFunctionScriptingTraits (0ms)
			SetupTypeCache (323ms)
			ReleaseScriptCaches (3ms)
			RebuildScriptCaches (69ms)
			SetupLoadedEditorAssemblies (573ms)
				LogAssemblyErrors (0ms)
				InitializePlatformSupportModulesInManaged (34ms)
				SetLoadedEditorAssemblies (0ms)
				RefreshPlugins (1ms)
				BeforeProcessingInitializeOnLoad (103ms)
				ProcessInitializeOnLoadAttributes (355ms)
				ProcessInitializeOnLoadMethodAttributes (74ms)
				AfterProcessingInitializeOnLoad (4ms)
				EditorAssembliesLoaded (0ms)
			ExecutionOrderSort2 (0ms)
			AwakeInstancesAfterBackupRestoration (5ms)
Platform modules already initialized, skipping
Refreshing native plugins compatible for Editor in 2.00 ms, found 3 plugins.
Preloading 0 native plugins for Editor in 0.00 ms.
Unloading 5769 Unused Serialized files (Serialized files now loaded: 0)
Unloading 146 unused Assets / (9.8 MB). Loaded Objects now: 6185.
Memory consumption went from 232.1 MB to 222.3 MB.
Total: 7.965000 ms (FindLiveObjects: 0.406800 ms CreateObjectMapping: 0.257700 ms MarkObjects: 4.023700 ms  DeleteObjects: 3.274900 ms)

AssetImportParameters requested are different than current active one (requested -> active):
  custom:video-decoder-ogg-theora: a1e56fd34408186e4bbccfd4996cb3dc -> 
  custom:container-muxer-webm: aa71ff27fc2769a1b78a27578f13a17b -> 
  custom:container-demuxer-webm: 4f35f7cbe854078d1ac9338744f61a02 -> 
  custom:video-encoder-webm-vp8: eb34c28f22e8b96e1ab97ce403110664 -> 
  custom:audio-encoder-webm-vorbis: bf7c407c2cedff20999df2af8eb42d56 -> 
  custom:framework-win-MediaFoundation: 216162199b28c13a410421893ffa2e32 -> 
  custom:container-demuxer-ogg: 62fdf1f143b41e24485cea50d1cbac27 -> 
  custom:video-decoder-webm-vp8: 9c59270c3fd7afecdb556c50c9e8de78 -> 
  custom:audio-decoder-ogg-vorbis: bf7c407c2cedff20999df2af8eb42d56 -> 
========================================================================
Received Import Request.
  Time since last request: 463.064346 seconds.
  path: Assets/DeepSpaceSkyboxPack/GalaxyFire/Textures/back_galaxyfire.tif
  artifactKey: Guid(4bcc09e8d515d584b86b8ec5c19e8b3f) Importer(815301076,1909f56bfc062723c751e8b465ee728b)
Start importing Assets/DeepSpaceSkyboxPack/GalaxyFire/Textures/back_galaxyfire.tif using Guid(4bcc09e8d515d584b86b8ec5c19e8b3f) Importer(815301076,1909f56bfc062723c751e8b465ee728b)  -> (artifact id: '807b4ae92b9ecad7869d40485beed577') in 0.242420 seconds 
========================================================================
Received Import Request.
  Time since last request: 0.000035 seconds.
  path: Assets/DeepSpaceSkyboxPack/GalacticGreen/Textures/galacticgreen-up.tif
  artifactKey: Guid(3eaf8afd3a146b2458ec5217fc7d6ceb) Importer(815301076,1909f56bfc062723c751e8b465ee728b)
Start importing Assets/DeepSpaceSkyboxPack/GalacticGreen/Textures/galacticgreen-up.tif using Guid(3eaf8afd3a146b2458ec5217fc7d6ceb) Importer(815301076,1909f56bfc062723c751e8b465ee728b)  -> (artifact id: 'c9f55b107c3e7074a67fdc838a55393d') in 0.169137 seconds 
========================================================================
Received Import Request.
  Time since last request: 0.000045 seconds.
  path: Assets/DeepSpaceSkyboxPack/GalaxyFire/Textures/front_galaxyfire.tif
  artifactKey: Guid(f689d46fa2a6e254abad7c15b73c3f4a) Importer(815301076,1909f56bfc062723c751e8b465ee728b)
Start importing Assets/DeepSpaceSkyboxPack/GalaxyFire/Textures/front_galaxyfire.tif using Guid(f689d46fa2a6e254abad7c15b73c3f4a) Importer(815301076,1909f56bfc062723c751e8b465ee728b)  -> (artifact id: 'cbcb628ec9e0ccbc7ec823118371ec05') in 0.093913 seconds 
========================================================================
Received Import Request.
  Time since last request: 0.000030 seconds.
  path: Assets/DeepSpaceSkyboxPack/GalacticGreen/Textures/galacticgreen-front.tif
  artifactKey: Guid(fd076a6dda0fdb942b4954a21b68d4df) Importer(815301076,1909f56bfc062723c751e8b465ee728b)
Start importing Assets/DeepSpaceSkyboxPack/GalacticGreen/Textures/galacticgreen-front.tif using Guid(fd076a6dda0fdb942b4954a21b68d4df) Importer(815301076,1909f56bfc062723c751e8b465ee728b)  -> (artifact id: 'cb9e0c2cc9ed563d2efc784da40b88ff') in 0.219952 seconds 
========================================================================
Received Import Request.
  Time since last request: 3.611016 seconds.
  path: Assets/DeepSpaceSkyboxPack/GalacticGreen/Textures/galacticgreen_down.tif
  artifactKey: Guid(88884f13580cfce4caf6b582ef47bd54) Importer(815301076,1909f56bfc062723c751e8b465ee728b)
Start importing Assets/DeepSpaceSkyboxPack/GalacticGreen/Textures/galacticgreen_down.tif using Guid(88884f13580cfce4caf6b582ef47bd54) Importer(815301076,1909f56bfc062723c751e8b465ee728b)  -> (artifact id: '3fdcf77033585e794917c1b977a67ef4') in 0.131277 seconds 
========================================================================
Received Import Request.
  Time since last request: 0.000029 seconds.
  path: Assets/DeepSpaceSkyboxPack/GalacticGreen/Textures/galacticgreen_right.tif
  artifactKey: Guid(af49956db6ee9f94b9b4300a5b0e9008) Importer(815301076,1909f56bfc062723c751e8b465ee728b)
Start importing Assets/DeepSpaceSkyboxPack/GalacticGreen/Textures/galacticgreen_right.tif using Guid(af49956db6ee9f94b9b4300a5b0e9008) Importer(815301076,1909f56bfc062723c751e8b465ee728b)  -> (artifact id: 'b62397e31770e00bdae81266dc6afd9f') in 0.206692 seconds 
========================================================================
Received Import Request.
  Time since last request: 0.172620 seconds.
  path: Assets/DeepSpaceSkyboxPack/GalacticGreen/Material/GalacticGreenMaterial.mat
  artifactKey: Guid(42eaf2c5dbb13dc498f15df5a5b05fda) Importer(815301076,1909f56bfc062723c751e8b465ee728b)
Start importing Assets/DeepSpaceSkyboxPack/GalacticGreen/Material/GalacticGreenMaterial.mat using Guid(42eaf2c5dbb13dc498f15df5a5b05fda) Importer(815301076,1909f56bfc062723c751e8b465ee728b)  -> (artifact id: '92d57df66aa162b69c57922e23a4855e') in 0.135977 seconds 
========================================================================
Received Import Request.
  Time since last request: 0.195061 seconds.
  path: Assets/DeepSpaceSkyboxPack/GalaxyFire/Material/GalaxyFireMaterial.mat
  artifactKey: Guid(69e10e886d52d20478f9ed5424126be8) Importer(815301076,1909f56bfc062723c751e8b465ee728b)
Start importing Assets/DeepSpaceSkyboxPack/GalaxyFire/Material/GalaxyFireMaterial.mat using Guid(69e10e886d52d20478f9ed5424126be8) Importer(815301076,1909f56bfc062723c751e8b465ee728b)  -> (artifact id: '62b98005ff55a6ffa189dbca5b46bca4') in 0.262456 seconds 
========================================================================
Received Import Request.
  Time since last request: 140.509354 seconds.
  path: Assets/Scripts/Spaceship.cs
  artifactKey: Guid(b5f3a4b4c3b67a1408aaa4e40a0dda09) Importer(815301076,1909f56bfc062723c751e8b465ee728b)
Start importing Assets/Scripts/Spaceship.cs using Guid(b5f3a4b4c3b67a1408aaa4e40a0dda09) Importer(815301076,1909f56bfc062723c751e8b465ee728b)  -> (artifact id: 'a9595b47ed5eb451e94fd0694988c9d2') in 0.147792 seconds 
========================================================================
Received Prepare
Registering precompiled user dll's ...
Registered in 0.008020 seconds.
Begin MonoManager ReloadAssembly
Native extension for UWP target not found
Native extension for WindowsStandalone target not found
Native extension for Android target not found
Refreshing native plugins compatible for Editor in 0.85 ms, found 3 plugins.
Preloading 0 native plugins for Editor in 0.00 ms.
Mono: successfully reloaded assembly
- Completed reload, in  1.785 seconds
Domain Reload Profiling:
	ReloadAssembly (1787ms)
		BeginReloadAssembly (229ms)
			ExecutionOrderSort (0ms)
			DisableScriptedObjects (5ms)
			BackupInstance (0ms)
			ReleaseScriptingObjects (0ms)
			CreateAndSetChildDomain (94ms)
		EndReloadAssembly (1411ms)
			LoadAssemblies (113ms)
			RebuildTransferFunctionScriptingTraits (0ms)
			SetupTypeCache (464ms)
			ReleaseScriptCaches (3ms)
			RebuildScriptCaches (49ms)
			SetupLoadedEditorAssemblies (621ms)
				LogAssemblyErrors (0ms)
				InitializePlatformSupportModulesInManaged (20ms)
				SetLoadedEditorAssemblies (0ms)
				RefreshPlugins (1ms)
				BeforeProcessingInitializeOnLoad (91ms)
				ProcessInitializeOnLoadAttributes (423ms)
				ProcessInitializeOnLoadMethodAttributes (80ms)
				AfterProcessingInitializeOnLoad (4ms)
				EditorAssembliesLoaded (0ms)
			ExecutionOrderSort2 (0ms)
			AwakeInstancesAfterBackupRestoration (6ms)
Platform modules already initialized, skipping
Refreshing native plugins compatible for Editor in 34.83 ms, found 3 plugins.
Preloading 0 native plugins for Editor in 0.00 ms.
Unloading 5770 Unused Serialized files (Serialized files now loaded: 0)
Unloading 146 unused Assets / (9.8 MB). Loaded Objects now: 6202.
Memory consumption went from 232.1 MB to 222.3 MB.
Total: 7.484600 ms (FindLiveObjects: 0.390800 ms CreateObjectMapping: 0.213200 ms MarkObjects: 3.723700 ms  DeleteObjects: 3.155100 ms)

AssetImportParameters requested are different than current active one (requested -> active):
  custom:video-decoder-ogg-theora: a1e56fd34408186e4bbccfd4996cb3dc -> 
  custom:container-muxer-webm: aa71ff27fc2769a1b78a27578f13a17b -> 
  custom:container-demuxer-webm: 4f35f7cbe854078d1ac9338744f61a02 -> 
  custom:video-encoder-webm-vp8: eb34c28f22e8b96e1ab97ce403110664 -> 
  custom:audio-encoder-webm-vorbis: bf7c407c2cedff20999df2af8eb42d56 -> 
  custom:framework-win-MediaFoundation: 216162199b28c13a410421893ffa2e32 -> 
  custom:container-demuxer-ogg: 62fdf1f143b41e24485cea50d1cbac27 -> 
  custom:video-decoder-webm-vp8: 9c59270c3fd7afecdb556c50c9e8de78 -> 
  custom:audio-decoder-ogg-vorbis: bf7c407c2cedff20999df2af8eb42d56 -> 
========================================================================
Received Prepare
Registering precompiled user dll's ...
Registered in 0.003713 seconds.
Begin MonoManager ReloadAssembly
Native extension for UWP target not found
Native extension for WindowsStandalone target not found
Native extension for Android target not found
Refreshing native plugins compatible for Editor in 0.90 ms, found 3 plugins.
Preloading 0 native plugins for Editor in 0.00 ms.
Mono: successfully reloaded assembly
- Completed reload, in  2.220 seconds
Domain Reload Profiling:
	ReloadAssembly (2222ms)
		BeginReloadAssembly (195ms)
			ExecutionOrderSort (0ms)
			DisableScriptedObjects (4ms)
			BackupInstance (0ms)
			ReleaseScriptingObjects (0ms)
			CreateAndSetChildDomain (116ms)
		EndReloadAssembly (1937ms)
			LoadAssemblies (82ms)
			RebuildTransferFunctionScriptingTraits (0ms)
			SetupTypeCache (485ms)
			ReleaseScriptCaches (2ms)
			RebuildScriptCaches (51ms)
			SetupLoadedEditorAssemblies (1263ms)
				LogAssemblyErrors (0ms)
				InitializePlatformSupportModulesInManaged (20ms)
				SetLoadedEditorAssemblies (0ms)
				RefreshPlugins (1ms)
				BeforeProcessingInitializeOnLoad (85ms)
				ProcessInitializeOnLoadAttributes (1012ms)
				ProcessInitializeOnLoadMethodAttributes (132ms)
				AfterProcessingInitializeOnLoad (13ms)
				EditorAssembliesLoaded (1ms)
			ExecutionOrderSort2 (0ms)
			AwakeInstancesAfterBackupRestoration (13ms)
Platform modules already initialized, skipping
Refreshing native plugins compatible for Editor in 2.45 ms, found 3 plugins.
Preloading 0 native plugins for Editor in 0.00 ms.
Unloading 5770 Unused Serialized files (Serialized files now loaded: 0)
Unloading 146 unused Assets / (9.8 MB). Loaded Objects now: 6217.
Memory consumption went from 232.2 MB to 222.3 MB.
Total: 7.125000 ms (FindLiveObjects: 0.387500 ms CreateObjectMapping: 0.203600 ms MarkObjects: 3.362800 ms  DeleteObjects: 3.168800 ms)

AssetImportParameters requested are different than current active one (requested -> active):
  custom:video-decoder-ogg-theora: a1e56fd34408186e4bbccfd4996cb3dc -> 
  custom:container-muxer-webm: aa71ff27fc2769a1b78a27578f13a17b -> 
  custom:container-demuxer-webm: 4f35f7cbe854078d1ac9338744f61a02 -> 
  custom:video-encoder-webm-vp8: eb34c28f22e8b96e1ab97ce403110664 -> 
  custom:audio-encoder-webm-vorbis: bf7c407c2cedff20999df2af8eb42d56 -> 
  custom:framework-win-MediaFoundation: 216162199b28c13a410421893ffa2e32 -> 
  custom:container-demuxer-ogg: 62fdf1f143b41e24485cea50d1cbac27 -> 
  custom:video-decoder-webm-vp8: 9c59270c3fd7afecdb556c50c9e8de78 -> 
  custom:audio-decoder-ogg-vorbis: bf7c407c2cedff20999df2af8eb42d56 -> 
========================================================================
Received Import Request.
  Time since last request: 201.379437 seconds.
  path: Assets/Scripts/Spaceship.cs
  artifactKey: Guid(b5f3a4b4c3b67a1408aaa4e40a0dda09) Importer(815301076,1909f56bfc062723c751e8b465ee728b)
Start importing Assets/Scripts/Spaceship.cs using Guid(b5f3a4b4c3b67a1408aaa4e40a0dda09) Importer(815301076,1909f56bfc062723c751e8b465ee728b)  -> (artifact id: '41d46c9003dc5fcd9dadb36745b2c29a') in 0.014296 seconds 
========================================================================
Received Prepare
Registering precompiled user dll's ...
Registered in 0.004993 seconds.
Begin MonoManager ReloadAssembly
Native extension for UWP target not found
Native extension for WindowsStandalone target not found
Native extension for Android target not found
Refreshing native plugins compatible for Editor in 0.98 ms, found 3 plugins.
Preloading 0 native plugins for Editor in 0.00 ms.
Mono: successfully reloaded assembly
- Completed reload, in  1.254 seconds
Domain Reload Profiling:
	ReloadAssembly (1255ms)
		BeginReloadAssembly (174ms)
			ExecutionOrderSort (0ms)
			DisableScriptedObjects (5ms)
			BackupInstance (0ms)
			ReleaseScriptingObjects (0ms)
			CreateAndSetChildDomain (57ms)
		EndReloadAssembly (967ms)
			LoadAssemblies (109ms)
			RebuildTransferFunctionScriptingTraits (0ms)
			SetupTypeCache (274ms)
			ReleaseScriptCaches (3ms)
			RebuildScriptCaches (52ms)
			SetupLoadedEditorAssemblies (496ms)
				LogAssemblyErrors (0ms)
				InitializePlatformSupportModulesInManaged (19ms)
				SetLoadedEditorAssemblies (0ms)
				RefreshPlugins (1ms)
				BeforeProcessingInitializeOnLoad (84ms)
				ProcessInitializeOnLoadAttributes (309ms)
				ProcessInitializeOnLoadMethodAttributes (74ms)
				AfterProcessingInitializeOnLoad (7ms)
				EditorAssembliesLoaded (0ms)
			ExecutionOrderSort2 (0ms)
			AwakeInstancesAfterBackupRestoration (6ms)
Platform modules already initialized, skipping
Refreshing native plugins compatible for Editor in 1.81 ms, found 3 plugins.
Preloading 0 native plugins for Editor in 0.00 ms.
Unloading 5770 Unused Serialized files (Serialized files now loaded: 0)
Unloading 146 unused Assets / (9.8 MB). Loaded Objects now: 6232.
Memory consumption went from 232.1 MB to 222.4 MB.
Total: 7.407900 ms (FindLiveObjects: 0.395900 ms CreateObjectMapping: 0.241600 ms MarkObjects: 3.423900 ms  DeleteObjects: 3.345000 ms)

AssetImportParameters requested are different than current active one (requested -> active):
  custom:video-decoder-ogg-theora: a1e56fd34408186e4bbccfd4996cb3dc -> 
  custom:container-muxer-webm: aa71ff27fc2769a1b78a27578f13a17b -> 
  custom:container-demuxer-webm: 4f35f7cbe854078d1ac9338744f61a02 -> 
  custom:video-encoder-webm-vp8: eb34c28f22e8b96e1ab97ce403110664 -> 
  custom:audio-encoder-webm-vorbis: bf7c407c2cedff20999df2af8eb42d56 -> 
  custom:framework-win-MediaFoundation: 216162199b28c13a410421893ffa2e32 -> 
  custom:container-demuxer-ogg: 62fdf1f143b41e24485cea50d1cbac27 -> 
  custom:video-decoder-webm-vp8: 9c59270c3fd7afecdb556c50c9e8de78 -> 
  custom:audio-decoder-ogg-vorbis: bf7c407c2cedff20999df2af8eb42d56 -> 
========================================================================
Received Prepare
Registering precompiled user dll's ...
Registered in 0.005223 seconds.
Begin MonoManager ReloadAssembly
Native extension for UWP target not found
Native extension for WindowsStandalone target not found
Native extension for Android target not found
Refreshing native plugins compatible for Editor in 0.83 ms, found 3 plugins.
Preloading 0 native plugins for Editor in 0.00 ms.
Mono: successfully reloaded assembly
- Completed reload, in  2.189 seconds
Domain Reload Profiling:
	ReloadAssembly (2189ms)
		BeginReloadAssembly (317ms)
			ExecutionOrderSort (0ms)
			DisableScriptedObjects (6ms)
			BackupInstance (0ms)
			ReleaseScriptingObjects (0ms)
			CreateAndSetChildDomain (230ms)
		EndReloadAssembly (1775ms)
			LoadAssemblies (81ms)
			RebuildTransferFunctionScriptingTraits (0ms)
			SetupTypeCache (298ms)
			ReleaseScriptCaches (2ms)
			RebuildScriptCaches (55ms)
			SetupLoadedEditorAssemblies (1287ms)
				LogAssemblyErrors (0ms)
				InitializePlatformSupportModulesInManaged (21ms)
				SetLoadedEditorAssemblies (0ms)
				RefreshPlugins (1ms)
				BeforeProcessingInitializeOnLoad (83ms)
				ProcessInitializeOnLoadAttributes (1087ms)
				ProcessInitializeOnLoadMethodAttributes (89ms)
				AfterProcessingInitializeOnLoad (5ms)
				EditorAssembliesLoaded (0ms)
			ExecutionOrderSort2 (0ms)
			AwakeInstancesAfterBackupRestoration (4ms)
Platform modules already initialized, skipping
Refreshing native plugins compatible for Editor in 2.23 ms, found 3 plugins.
Preloading 0 native plugins for Editor in 0.00 ms.
Unloading 5770 Unused Serialized files (Serialized files now loaded: 0)
Unloading 146 unused Assets / (9.9 MB). Loaded Objects now: 6247.
Memory consumption went from 232.2 MB to 222.4 MB.
Total: 86.821400 ms (FindLiveObjects: 0.520800 ms CreateObjectMapping: 0.252500 ms MarkObjects: 82.699000 ms  DeleteObjects: 3.347500 ms)

AssetImportParameters requested are different than current active one (requested -> active):
  custom:video-decoder-ogg-theora: a1e56fd34408186e4bbccfd4996cb3dc -> 
  custom:container-muxer-webm: aa71ff27fc2769a1b78a27578f13a17b -> 
  custom:container-demuxer-webm: 4f35f7cbe854078d1ac9338744f61a02 -> 
  custom:video-encoder-webm-vp8: eb34c28f22e8b96e1ab97ce403110664 -> 
  custom:audio-encoder-webm-vorbis: bf7c407c2cedff20999df2af8eb42d56 -> 
  custom:framework-win-MediaFoundation: 216162199b28c13a410421893ffa2e32 -> 
  custom:container-demuxer-ogg: 62fdf1f143b41e24485cea50d1cbac27 -> 
  custom:video-decoder-webm-vp8: 9c59270c3fd7afecdb556c50c9e8de78 -> 
  custom:audio-decoder-ogg-vorbis: bf7c407c2cedff20999df2af8eb42d56 -> 
========================================================================
Received Prepare
Registering precompiled user dll's ...
Registered in 0.003325 seconds.
Begin MonoManager ReloadAssembly
Native extension for UWP target not found
Native extension for WindowsStandalone target not found
Native extension for Android target not found
Refreshing native plugins compatible for Editor in 2.97 ms, found 3 plugins.
Preloading 0 native plugins for Editor in 0.00 ms.
Mono: successfully reloaded assembly
- Completed reload, in  1.592 seconds
Domain Reload Profiling:
	ReloadAssembly (1593ms)
		BeginReloadAssembly (218ms)
			ExecutionOrderSort (0ms)
			DisableScriptedObjects (5ms)
			BackupInstance (0ms)
			ReleaseScriptingObjects (0ms)
			CreateAndSetChildDomain (79ms)
		EndReloadAssembly (1242ms)
			LoadAssemblies (163ms)
			RebuildTransferFunctionScriptingTraits (0ms)
			SetupTypeCache (379ms)
			ReleaseScriptCaches (4ms)
			RebuildScriptCaches (73ms)
			SetupLoadedEditorAssemblies (603ms)
				LogAssemblyErrors (0ms)
				InitializePlatformSupportModulesInManaged (23ms)
				SetLoadedEditorAssemblies (0ms)
				RefreshPlugins (3ms)
				BeforeProcessingInitializeOnLoad (122ms)
				ProcessInitializeOnLoadAttributes (357ms)
				ProcessInitializeOnLoadMethodAttributes (93ms)
				AfterProcessingInitializeOnLoad (4ms)
				EditorAssembliesLoaded (0ms)
			ExecutionOrderSort2 (0ms)
			AwakeInstancesAfterBackupRestoration (6ms)
Platform modules already initialized, skipping
Refreshing native plugins compatible for Editor in 3.22 ms, found 3 plugins.
Preloading 0 native plugins for Editor in 0.00 ms.
Unloading 5770 Unused Serialized files (Serialized files now loaded: 0)
Unloading 146 unused Assets / (9.7 MB). Loaded Objects now: 6262.
Memory consumption went from 232.2 MB to 222.4 MB.
Total: 10.593400 ms (FindLiveObjects: 0.566300 ms CreateObjectMapping: 0.498300 ms MarkObjects: 4.214700 ms  DeleteObjects: 5.311100 ms)

AssetImportParameters requested are different than current active one (requested -> active):
  custom:video-decoder-ogg-theora: a1e56fd34408186e4bbccfd4996cb3dc -> 
  custom:container-muxer-webm: aa71ff27fc2769a1b78a27578f13a17b -> 
  custom:container-demuxer-webm: 4f35f7cbe854078d1ac9338744f61a02 -> 
  custom:video-encoder-webm-vp8: eb34c28f22e8b96e1ab97ce403110664 -> 
  custom:audio-encoder-webm-vorbis: bf7c407c2cedff20999df2af8eb42d56 -> 
  custom:framework-win-MediaFoundation: 216162199b28c13a410421893ffa2e32 -> 
  custom:container-demuxer-ogg: 62fdf1f143b41e24485cea50d1cbac27 -> 
  custom:video-decoder-webm-vp8: 9c59270c3fd7afecdb556c50c9e8de78 -> 
  custom:audio-decoder-ogg-vorbis: bf7c407c2cedff20999df2af8eb42d56 -> 
========================================================================
Received Prepare
Registering precompiled user dll's ...
Registered in 0.003532 seconds.
Begin MonoManager ReloadAssembly
Native extension for UWP target not found
Native extension for WindowsStandalone target not found
Native extension for Android target not found
Refreshing native plugins compatible for Editor in 1.02 ms, found 3 plugins.
Preloading 0 native plugins for Editor in 0.00 ms.
Mono: successfully reloaded assembly
- Completed reload, in  2.068 seconds
Domain Reload Profiling:
	ReloadAssembly (2069ms)
		BeginReloadAssembly (156ms)
			ExecutionOrderSort (0ms)
			DisableScriptedObjects (4ms)
			BackupInstance (0ms)
			ReleaseScriptingObjects (0ms)
			CreateAndSetChildDomain (66ms)
		EndReloadAssembly (1824ms)
			LoadAssemblies (119ms)
			RebuildTransferFunctionScriptingTraits (0ms)
			SetupTypeCache (358ms)
			ReleaseScriptCaches (2ms)
			RebuildScriptCaches (67ms)
			SetupLoadedEditorAssemblies (1219ms)
				LogAssemblyErrors (0ms)
				InitializePlatformSupportModulesInManaged (21ms)
				SetLoadedEditorAssemblies (0ms)
				RefreshPlugins (1ms)
				BeforeProcessingInitializeOnLoad (92ms)
				ProcessInitializeOnLoadAttributes (476ms)
				ProcessInitializeOnLoadMethodAttributes (621ms)
				AfterProcessingInitializeOnLoad (6ms)
				EditorAssembliesLoaded (1ms)
			ExecutionOrderSort2 (0ms)
			AwakeInstancesAfterBackupRestoration (6ms)
Platform modules already initialized, skipping
Refreshing native plugins compatible for Editor in 1.97 ms, found 3 plugins.
Preloading 0 native plugins for Editor in 0.00 ms.
Unloading 5770 Unused Serialized files (Serialized files now loaded: 0)
Unloading 146 unused Assets / (9.9 MB). Loaded Objects now: 6277.
Memory consumption went from 232.3 MB to 222.4 MB.
Total: 9.238500 ms (FindLiveObjects: 0.768600 ms CreateObjectMapping: 0.321100 ms MarkObjects: 3.502900 ms  DeleteObjects: 4.644500 ms)

AssetImportParameters requested are different than current active one (requested -> active):
  custom:video-decoder-ogg-theora: a1e56fd34408186e4bbccfd4996cb3dc -> 
  custom:container-muxer-webm: aa71ff27fc2769a1b78a27578f13a17b -> 
  custom:container-demuxer-webm: 4f35f7cbe854078d1ac9338744f61a02 -> 
  custom:video-encoder-webm-vp8: eb34c28f22e8b96e1ab97ce403110664 -> 
  custom:audio-encoder-webm-vorbis: bf7c407c2cedff20999df2af8eb42d56 -> 
  custom:framework-win-MediaFoundation: 216162199b28c13a410421893ffa2e32 -> 
  custom:container-demuxer-ogg: 62fdf1f143b41e24485cea50d1cbac27 -> 
  custom:video-decoder-webm-vp8: 9c59270c3fd7afecdb556c50c9e8de78 -> 
  custom:audio-decoder-ogg-vorbis: bf7c407c2cedff20999df2af8eb42d56 -> 
